<?xml version="1.0" encoding="UTF-8"?>
<!-- Generated by org.testng.reporters.JUnitReportReporter -->
<testsuite hostname="Prasannakumar" failures="0" tests="1" name="TestPages.LoginTestPage" time="7.141" errors="0" timestamp="2024-05-09T19:59:13 IST" skipped="0">
  <testcase classname="TestPages.LoginTestPage" name="verifyLoginfunction" time="7.141"/>
  <system-out/>
</testsuite> <!-- TestPages.LoginTestPage -->
